
*** Running vivado
    with args -log design_1_wrapper.vds -m64 -product Vivado -mode batch -messageDb vivado.pb -notrace -source design_1_wrapper.tcl


****** Vivado v2017.3 (64-bit)
  **** SW Build 2018833 on Wed Oct  4 19:58:22 MDT 2017
  **** IP Build 2016188 on Wed Oct  4 21:52:56 MDT 2017
    ** Copyright 1986-2017 Xilinx, Inc. All Rights Reserved.

source design_1_wrapper.tcl -notrace
INFO: [IP_Flow 19-234] Refreshing IP repositories
WARNING: [IP_Flow 19-2248] Failed to load user IP repository 'c:/Users/SurfacePro4/Documents/GitHub/vivado-library'; Can't find the specified path.
If this directory should no longer be in your list of user repositories, go to the IP Settings dialog and remove it.
INFO: [IP_Flow 19-2313] Loaded Vivado IP repository 'C:/Xilinx/Vivado/2017.3/data/ip'.
WARNING: [IP_Flow 19-3664] IP 'design_1_axi_gpio_0_1' generated file not found 'c:/Users/SurfacePro4/Documents/GitHub/WG2018_HelloWaveGen/Hello_World3.srcs/sources_1/bd/design_1/ip/design_1_axi_gpio_0_1/stats.txt'. Please regenerate to continue.
WARNING: [IP_Flow 19-3664] IP 'design_1_dlmb_v10_0' generated file not found 'c:/Users/SurfacePro4/Documents/GitHub/WG2018_HelloWaveGen/Hello_World3.srcs/sources_1/bd/design_1/ip/design_1_dlmb_v10_0/stats.txt'. Please regenerate to continue.
WARNING: [IP_Flow 19-3664] IP 'design_1_ilmb_v10_0' generated file not found 'c:/Users/SurfacePro4/Documents/GitHub/WG2018_HelloWaveGen/Hello_World3.srcs/sources_1/bd/design_1/ip/design_1_ilmb_v10_0/stats.txt'. Please regenerate to continue.
add_files: Time (s): cpu = 00:00:12 ; elapsed = 00:00:13 . Memory (MB): peak = 354.738 ; gain = 109.219
Command: synth_design -top design_1_wrapper -part xc7s50csga324-1
Starting synth_design
Attempting to get a license for feature 'Synthesis' and/or device 'xc7s50'
INFO: [Common 17-349] Got license for feature 'Synthesis' and/or device 'xc7s50'
INFO: Launching helper process for spawning children vivado processes
INFO: Helper process launched with PID 11456 
---------------------------------------------------------------------------------
Starting RTL Elaboration : Time (s): cpu = 00:00:06 ; elapsed = 00:00:07 . Memory (MB): peak = 448.234 ; gain = 93.434
---------------------------------------------------------------------------------
INFO: [Synth 8-638] synthesizing module 'design_1_wrapper' [C:/Users/SurfacePro4/Documents/GitHub/WG2018_HelloWaveGen/Hello_World3.srcs/sources_1/bd/design_1/hdl/design_1_wrapper.v:12]
INFO: [Synth 8-638] synthesizing module 'design_1' [C:/Users/SurfacePro4/Documents/GitHub/WG2018_HelloWaveGen/Hello_World3.srcs/sources_1/bd/design_1/synth/design_1.v:16]
INFO: [Synth 8-638] synthesizing module 'design_1_axi_gpio_0_1' [C:/Users/SurfacePro4/Documents/GitHub/WG2018_HelloWaveGen/Hello_World3.runs/synth_1/.Xil/Vivado-7064-DESKTOP-VQRV186/realtime/design_1_axi_gpio_0_1_stub.v:6]
INFO: [Synth 8-256] done synthesizing module 'design_1_axi_gpio_0_1' (1#1) [C:/Users/SurfacePro4/Documents/GitHub/WG2018_HelloWaveGen/Hello_World3.runs/synth_1/.Xil/Vivado-7064-DESKTOP-VQRV186/realtime/design_1_axi_gpio_0_1_stub.v:6]
INFO: [Synth 8-638] synthesizing module 'design_1_axi_gpio_1_0' [C:/Users/SurfacePro4/Documents/GitHub/WG2018_HelloWaveGen/Hello_World3.runs/synth_1/.Xil/Vivado-7064-DESKTOP-VQRV186/realtime/design_1_axi_gpio_1_0_stub.v:6]
INFO: [Synth 8-256] done synthesizing module 'design_1_axi_gpio_1_0' (2#1) [C:/Users/SurfacePro4/Documents/GitHub/WG2018_HelloWaveGen/Hello_World3.runs/synth_1/.Xil/Vivado-7064-DESKTOP-VQRV186/realtime/design_1_axi_gpio_1_0_stub.v:6]
INFO: [Synth 8-638] synthesizing module 'design_1_axi_gpio_2_0' [C:/Users/SurfacePro4/Documents/GitHub/WG2018_HelloWaveGen/Hello_World3.runs/synth_1/.Xil/Vivado-7064-DESKTOP-VQRV186/realtime/design_1_axi_gpio_2_0_stub.v:6]
INFO: [Synth 8-256] done synthesizing module 'design_1_axi_gpio_2_0' (3#1) [C:/Users/SurfacePro4/Documents/GitHub/WG2018_HelloWaveGen/Hello_World3.runs/synth_1/.Xil/Vivado-7064-DESKTOP-VQRV186/realtime/design_1_axi_gpio_2_0_stub.v:6]
INFO: [Synth 8-638] synthesizing module 'design_1_axi_gpio_3_0' [C:/Users/SurfacePro4/Documents/GitHub/WG2018_HelloWaveGen/Hello_World3.runs/synth_1/.Xil/Vivado-7064-DESKTOP-VQRV186/realtime/design_1_axi_gpio_3_0_stub.v:6]
INFO: [Synth 8-256] done synthesizing module 'design_1_axi_gpio_3_0' (4#1) [C:/Users/SurfacePro4/Documents/GitHub/WG2018_HelloWaveGen/Hello_World3.runs/synth_1/.Xil/Vivado-7064-DESKTOP-VQRV186/realtime/design_1_axi_gpio_3_0_stub.v:6]
INFO: [Synth 8-638] synthesizing module 'design_1_axi_uartlite_0_0' [C:/Users/SurfacePro4/Documents/GitHub/WG2018_HelloWaveGen/Hello_World3.runs/synth_1/.Xil/Vivado-7064-DESKTOP-VQRV186/realtime/design_1_axi_uartlite_0_0_stub.v:6]
INFO: [Synth 8-256] done synthesizing module 'design_1_axi_uartlite_0_0' (5#1) [C:/Users/SurfacePro4/Documents/GitHub/WG2018_HelloWaveGen/Hello_World3.runs/synth_1/.Xil/Vivado-7064-DESKTOP-VQRV186/realtime/design_1_axi_uartlite_0_0_stub.v:6]
INFO: [Synth 8-638] synthesizing module 'design_1_clk_wiz_1_0' [C:/Users/SurfacePro4/Documents/GitHub/WG2018_HelloWaveGen/Hello_World3.runs/synth_1/.Xil/Vivado-7064-DESKTOP-VQRV186/realtime/design_1_clk_wiz_1_0_stub.v:5]
INFO: [Synth 8-256] done synthesizing module 'design_1_clk_wiz_1_0' (6#1) [C:/Users/SurfacePro4/Documents/GitHub/WG2018_HelloWaveGen/Hello_World3.runs/synth_1/.Xil/Vivado-7064-DESKTOP-VQRV186/realtime/design_1_clk_wiz_1_0_stub.v:5]
WARNING: [Synth 8-350] instance 'clk_wiz_1' of module 'design_1_clk_wiz_1_0' requires 5 connections, but only 4 given [C:/Users/SurfacePro4/Documents/GitHub/WG2018_HelloWaveGen/Hello_World3.srcs/sources_1/bd/design_1/synth/design_1.v:345]
WARNING: [Synth 8-4446] all outputs are unconnected for this instance and logic may be removed [C:/Users/SurfacePro4/Documents/GitHub/WG2018_HelloWaveGen/Hello_World3.srcs/sources_1/bd/design_1/synth/design_1.v:350]
INFO: [Synth 8-638] synthesizing module 'design_1_ila_0_1' [C:/Users/SurfacePro4/Documents/GitHub/WG2018_HelloWaveGen/Hello_World3.runs/synth_1/.Xil/Vivado-7064-DESKTOP-VQRV186/realtime/design_1_ila_0_1_stub.v:6]
INFO: [Synth 8-256] done synthesizing module 'design_1_ila_0_1' (7#1) [C:/Users/SurfacePro4/Documents/GitHub/WG2018_HelloWaveGen/Hello_World3.runs/synth_1/.Xil/Vivado-7064-DESKTOP-VQRV186/realtime/design_1_ila_0_1_stub.v:6]
WARNING: [Synth 8-4446] all outputs are unconnected for this instance and logic may be removed [C:/Users/SurfacePro4/Documents/GitHub/WG2018_HelloWaveGen/Hello_World3.srcs/sources_1/bd/design_1/synth/design_1.v:371]
INFO: [Synth 8-638] synthesizing module 'design_1_ila_1_0' [C:/Users/SurfacePro4/Documents/GitHub/WG2018_HelloWaveGen/Hello_World3.runs/synth_1/.Xil/Vivado-7064-DESKTOP-VQRV186/realtime/design_1_ila_1_0_stub.v:6]
INFO: [Synth 8-256] done synthesizing module 'design_1_ila_1_0' (8#1) [C:/Users/SurfacePro4/Documents/GitHub/WG2018_HelloWaveGen/Hello_World3.runs/synth_1/.Xil/Vivado-7064-DESKTOP-VQRV186/realtime/design_1_ila_1_0_stub.v:6]
WARNING: [Synth 8-4446] all outputs are unconnected for this instance and logic may be removed [C:/Users/SurfacePro4/Documents/GitHub/WG2018_HelloWaveGen/Hello_World3.srcs/sources_1/bd/design_1/synth/design_1.v:392]
INFO: [Synth 8-638] synthesizing module 'design_1_ila_2_0' [C:/Users/SurfacePro4/Documents/GitHub/WG2018_HelloWaveGen/Hello_World3.runs/synth_1/.Xil/Vivado-7064-DESKTOP-VQRV186/realtime/design_1_ila_2_0_stub.v:6]
INFO: [Synth 8-256] done synthesizing module 'design_1_ila_2_0' (9#1) [C:/Users/SurfacePro4/Documents/GitHub/WG2018_HelloWaveGen/Hello_World3.runs/synth_1/.Xil/Vivado-7064-DESKTOP-VQRV186/realtime/design_1_ila_2_0_stub.v:6]
WARNING: [Synth 8-4446] all outputs are unconnected for this instance and logic may be removed [C:/Users/SurfacePro4/Documents/GitHub/WG2018_HelloWaveGen/Hello_World3.srcs/sources_1/bd/design_1/synth/design_1.v:413]
INFO: [Synth 8-638] synthesizing module 'design_1_ila_3_0' [C:/Users/SurfacePro4/Documents/GitHub/WG2018_HelloWaveGen/Hello_World3.runs/synth_1/.Xil/Vivado-7064-DESKTOP-VQRV186/realtime/design_1_ila_3_0_stub.v:6]
INFO: [Synth 8-256] done synthesizing module 'design_1_ila_3_0' (10#1) [C:/Users/SurfacePro4/Documents/GitHub/WG2018_HelloWaveGen/Hello_World3.runs/synth_1/.Xil/Vivado-7064-DESKTOP-VQRV186/realtime/design_1_ila_3_0_stub.v:6]
INFO: [Synth 8-638] synthesizing module 'design_1_mdm_1_0' [C:/Users/SurfacePro4/Documents/GitHub/WG2018_HelloWaveGen/Hello_World3.runs/synth_1/.Xil/Vivado-7064-DESKTOP-VQRV186/realtime/design_1_mdm_1_0_stub.v:6]
INFO: [Synth 8-256] done synthesizing module 'design_1_mdm_1_0' (11#1) [C:/Users/SurfacePro4/Documents/GitHub/WG2018_HelloWaveGen/Hello_World3.runs/synth_1/.Xil/Vivado-7064-DESKTOP-VQRV186/realtime/design_1_mdm_1_0_stub.v:6]
WARNING: [Synth 8-350] instance 'mdm_1' of module 'design_1_mdm_1_0' requires 30 connections, but only 29 given [C:/Users/SurfacePro4/Documents/GitHub/WG2018_HelloWaveGen/Hello_World3.srcs/sources_1/bd/design_1/synth/design_1.v:434]
INFO: [Synth 8-638] synthesizing module 'design_1_microblaze_0_0' [C:/Users/SurfacePro4/Documents/GitHub/WG2018_HelloWaveGen/Hello_World3.runs/synth_1/.Xil/Vivado-7064-DESKTOP-VQRV186/realtime/design_1_microblaze_0_0_stub.v:6]
INFO: [Synth 8-256] done synthesizing module 'design_1_microblaze_0_0' (12#1) [C:/Users/SurfacePro4/Documents/GitHub/WG2018_HelloWaveGen/Hello_World3.runs/synth_1/.Xil/Vivado-7064-DESKTOP-VQRV186/realtime/design_1_microblaze_0_0_stub.v:6]
WARNING: [Synth 8-350] instance 'microblaze_0' of module 'design_1_microblaze_0_0' requires 84 connections, but only 68 given [C:/Users/SurfacePro4/Documents/GitHub/WG2018_HelloWaveGen/Hello_World3.srcs/sources_1/bd/design_1/synth/design_1.v:466]
INFO: [Synth 8-638] synthesizing module 'design_1_microblaze_0_axi_intc_0' [C:/Users/SurfacePro4/Documents/GitHub/WG2018_HelloWaveGen/Hello_World3.runs/synth_1/.Xil/Vivado-7064-DESKTOP-VQRV186/realtime/design_1_microblaze_0_axi_intc_0_stub.v:6]
INFO: [Synth 8-256] done synthesizing module 'design_1_microblaze_0_axi_intc_0' (13#1) [C:/Users/SurfacePro4/Documents/GitHub/WG2018_HelloWaveGen/Hello_World3.runs/synth_1/.Xil/Vivado-7064-DESKTOP-VQRV186/realtime/design_1_microblaze_0_axi_intc_0_stub.v:6]
INFO: [Synth 8-638] synthesizing module 'design_1_microblaze_0_axi_periph_0' [C:/Users/SurfacePro4/Documents/GitHub/WG2018_HelloWaveGen/Hello_World3.srcs/sources_1/bd/design_1/synth/design_1.v:766]
INFO: [Synth 8-638] synthesizing module 'm00_couplers_imp_8RVYHO' [C:/Users/SurfacePro4/Documents/GitHub/WG2018_HelloWaveGen/Hello_World3.srcs/sources_1/bd/design_1/synth/design_1.v:1948]
INFO: [Synth 8-256] done synthesizing module 'm00_couplers_imp_8RVYHO' (14#1) [C:/Users/SurfacePro4/Documents/GitHub/WG2018_HelloWaveGen/Hello_World3.srcs/sources_1/bd/design_1/synth/design_1.v:1948]
INFO: [Synth 8-638] synthesizing module 'm01_couplers_imp_1UTB3Y5' [C:/Users/SurfacePro4/Documents/GitHub/WG2018_HelloWaveGen/Hello_World3.srcs/sources_1/bd/design_1/synth/design_1.v:2080]
INFO: [Synth 8-256] done synthesizing module 'm01_couplers_imp_1UTB3Y5' (15#1) [C:/Users/SurfacePro4/Documents/GitHub/WG2018_HelloWaveGen/Hello_World3.srcs/sources_1/bd/design_1/synth/design_1.v:2080]
INFO: [Synth 8-638] synthesizing module 'm02_couplers_imp_7ANRHB' [C:/Users/SurfacePro4/Documents/GitHub/WG2018_HelloWaveGen/Hello_World3.srcs/sources_1/bd/design_1/synth/design_1.v:2212]
INFO: [Synth 8-256] done synthesizing module 'm02_couplers_imp_7ANRHB' (16#1) [C:/Users/SurfacePro4/Documents/GitHub/WG2018_HelloWaveGen/Hello_World3.srcs/sources_1/bd/design_1/synth/design_1.v:2212]
INFO: [Synth 8-638] synthesizing module 'm03_couplers_imp_1W07O72' [C:/Users/SurfacePro4/Documents/GitHub/WG2018_HelloWaveGen/Hello_World3.srcs/sources_1/bd/design_1/synth/design_1.v:2344]
INFO: [Synth 8-256] done synthesizing module 'm03_couplers_imp_1W07O72' (17#1) [C:/Users/SurfacePro4/Documents/GitHub/WG2018_HelloWaveGen/Hello_World3.srcs/sources_1/bd/design_1/synth/design_1.v:2344]
INFO: [Synth 8-638] synthesizing module 'm04_couplers_imp_5LX7BU' [C:/Users/SurfacePro4/Documents/GitHub/WG2018_HelloWaveGen/Hello_World3.srcs/sources_1/bd/design_1/synth/design_1.v:2490]
INFO: [Synth 8-256] done synthesizing module 'm04_couplers_imp_5LX7BU' (18#1) [C:/Users/SurfacePro4/Documents/GitHub/WG2018_HelloWaveGen/Hello_World3.srcs/sources_1/bd/design_1/synth/design_1.v:2490]
INFO: [Synth 8-638] synthesizing module 'm05_couplers_imp_1XR4ZAZ' [C:/Users/SurfacePro4/Documents/GitHub/WG2018_HelloWaveGen/Hello_World3.srcs/sources_1/bd/design_1/synth/design_1.v:2636]
INFO: [Synth 8-256] done synthesizing module 'm05_couplers_imp_1XR4ZAZ' (19#1) [C:/Users/SurfacePro4/Documents/GitHub/WG2018_HelloWaveGen/Hello_World3.srcs/sources_1/bd/design_1/synth/design_1.v:2636]
INFO: [Synth 8-638] synthesizing module 'm06_couplers_imp_4YOIXL' [C:/Users/SurfacePro4/Documents/GitHub/WG2018_HelloWaveGen/Hello_World3.srcs/sources_1/bd/design_1/synth/design_1.v:2782]
INFO: [Synth 8-256] done synthesizing module 'm06_couplers_imp_4YOIXL' (20#1) [C:/Users/SurfacePro4/Documents/GitHub/WG2018_HelloWaveGen/Hello_World3.srcs/sources_1/bd/design_1/synth/design_1.v:2782]
INFO: [Synth 8-638] synthesizing module 's00_couplers_imp_1RZP34U' [C:/Users/SurfacePro4/Documents/GitHub/WG2018_HelloWaveGen/Hello_World3.srcs/sources_1/bd/design_1/synth/design_1.v:3162]
INFO: [Synth 8-256] done synthesizing module 's00_couplers_imp_1RZP34U' (21#1) [C:/Users/SurfacePro4/Documents/GitHub/WG2018_HelloWaveGen/Hello_World3.srcs/sources_1/bd/design_1/synth/design_1.v:3162]
INFO: [Synth 8-638] synthesizing module 'design_1_xbar_0' [C:/Users/SurfacePro4/Documents/GitHub/WG2018_HelloWaveGen/Hello_World3.runs/synth_1/.Xil/Vivado-7064-DESKTOP-VQRV186/realtime/design_1_xbar_0_stub.v:6]
INFO: [Synth 8-256] done synthesizing module 'design_1_xbar_0' (22#1) [C:/Users/SurfacePro4/Documents/GitHub/WG2018_HelloWaveGen/Hello_World3.runs/synth_1/.Xil/Vivado-7064-DESKTOP-VQRV186/realtime/design_1_xbar_0_stub.v:6]
INFO: [Synth 8-256] done synthesizing module 'design_1_microblaze_0_axi_periph_0' (23#1) [C:/Users/SurfacePro4/Documents/GitHub/WG2018_HelloWaveGen/Hello_World3.srcs/sources_1/bd/design_1/synth/design_1.v:766]
INFO: [Synth 8-638] synthesizing module 'microblaze_0_local_memory_imp_1K0VQXK' [C:/Users/SurfacePro4/Documents/GitHub/WG2018_HelloWaveGen/Hello_World3.srcs/sources_1/bd/design_1/synth/design_1.v:2928]
INFO: [Synth 8-638] synthesizing module 'design_1_dlmb_bram_if_cntlr_0' [C:/Users/SurfacePro4/Documents/GitHub/WG2018_HelloWaveGen/Hello_World3.runs/synth_1/.Xil/Vivado-7064-DESKTOP-VQRV186/realtime/design_1_dlmb_bram_if_cntlr_0_stub.v:6]
INFO: [Synth 8-256] done synthesizing module 'design_1_dlmb_bram_if_cntlr_0' (24#1) [C:/Users/SurfacePro4/Documents/GitHub/WG2018_HelloWaveGen/Hello_World3.runs/synth_1/.Xil/Vivado-7064-DESKTOP-VQRV186/realtime/design_1_dlmb_bram_if_cntlr_0_stub.v:6]
INFO: [Synth 8-638] synthesizing module 'design_1_dlmb_v10_0' [C:/Users/SurfacePro4/Documents/GitHub/WG2018_HelloWaveGen/Hello_World3.runs/synth_1/.Xil/Vivado-7064-DESKTOP-VQRV186/realtime/design_1_dlmb_v10_0_stub.v:6]
INFO: [Synth 8-256] done synthesizing module 'design_1_dlmb_v10_0' (25#1) [C:/Users/SurfacePro4/Documents/GitHub/WG2018_HelloWaveGen/Hello_World3.runs/synth_1/.Xil/Vivado-7064-DESKTOP-VQRV186/realtime/design_1_dlmb_v10_0_stub.v:6]
WARNING: [Synth 8-350] instance 'dlmb_v10' of module 'design_1_dlmb_v10_0' requires 25 connections, but only 24 given [C:/Users/SurfacePro4/Documents/GitHub/WG2018_HelloWaveGen/Hello_World3.srcs/sources_1/bd/design_1/synth/design_1.v:3074]
INFO: [Synth 8-638] synthesizing module 'design_1_ilmb_bram_if_cntlr_0' [C:/Users/SurfacePro4/Documents/GitHub/WG2018_HelloWaveGen/Hello_World3.runs/synth_1/.Xil/Vivado-7064-DESKTOP-VQRV186/realtime/design_1_ilmb_bram_if_cntlr_0_stub.v:6]
INFO: [Synth 8-256] done synthesizing module 'design_1_ilmb_bram_if_cntlr_0' (26#1) [C:/Users/SurfacePro4/Documents/GitHub/WG2018_HelloWaveGen/Hello_World3.runs/synth_1/.Xil/Vivado-7064-DESKTOP-VQRV186/realtime/design_1_ilmb_bram_if_cntlr_0_stub.v:6]
INFO: [Synth 8-638] synthesizing module 'design_1_ilmb_v10_0' [C:/Users/SurfacePro4/Documents/GitHub/WG2018_HelloWaveGen/Hello_World3.runs/synth_1/.Xil/Vivado-7064-DESKTOP-VQRV186/realtime/design_1_ilmb_v10_0_stub.v:6]
INFO: [Synth 8-256] done synthesizing module 'design_1_ilmb_v10_0' (27#1) [C:/Users/SurfacePro4/Documents/GitHub/WG2018_HelloWaveGen/Hello_World3.runs/synth_1/.Xil/Vivado-7064-DESKTOP-VQRV186/realtime/design_1_ilmb_v10_0_stub.v:6]
WARNING: [Synth 8-350] instance 'ilmb_v10' of module 'design_1_ilmb_v10_0' requires 25 connections, but only 24 given [C:/Users/SurfacePro4/Documents/GitHub/WG2018_HelloWaveGen/Hello_World3.srcs/sources_1/bd/design_1/synth/design_1.v:3120]
INFO: [Synth 8-638] synthesizing module 'design_1_lmb_bram_0' [C:/Users/SurfacePro4/Documents/GitHub/WG2018_HelloWaveGen/Hello_World3.runs/synth_1/.Xil/Vivado-7064-DESKTOP-VQRV186/realtime/design_1_lmb_bram_0_stub.v:6]
INFO: [Synth 8-256] done synthesizing module 'design_1_lmb_bram_0' (28#1) [C:/Users/SurfacePro4/Documents/GitHub/WG2018_HelloWaveGen/Hello_World3.runs/synth_1/.Xil/Vivado-7064-DESKTOP-VQRV186/realtime/design_1_lmb_bram_0_stub.v:6]
WARNING: [Synth 8-350] instance 'lmb_bram' of module 'design_1_lmb_bram_0' requires 16 connections, but only 14 given [C:/Users/SurfacePro4/Documents/GitHub/WG2018_HelloWaveGen/Hello_World3.srcs/sources_1/bd/design_1/synth/design_1.v:3145]
INFO: [Synth 8-256] done synthesizing module 'microblaze_0_local_memory_imp_1K0VQXK' (29#1) [C:/Users/SurfacePro4/Documents/GitHub/WG2018_HelloWaveGen/Hello_World3.srcs/sources_1/bd/design_1/synth/design_1.v:2928]
INFO: [Synth 8-638] synthesizing module 'design_1_microblaze_0_xlconcat_0' [C:/Users/SurfacePro4/Documents/GitHub/WG2018_HelloWaveGen/Hello_World3.runs/synth_1/.Xil/Vivado-7064-DESKTOP-VQRV186/realtime/design_1_microblaze_0_xlconcat_0_stub.v:6]
INFO: [Synth 8-256] done synthesizing module 'design_1_microblaze_0_xlconcat_0' (30#1) [C:/Users/SurfacePro4/Documents/GitHub/WG2018_HelloWaveGen/Hello_World3.runs/synth_1/.Xil/Vivado-7064-DESKTOP-VQRV186/realtime/design_1_microblaze_0_xlconcat_0_stub.v:6]
INFO: [Synth 8-638] synthesizing module 'design_1_rst_clk_wiz_1_100M_0' [C:/Users/SurfacePro4/Documents/GitHub/WG2018_HelloWaveGen/Hello_World3.runs/synth_1/.Xil/Vivado-7064-DESKTOP-VQRV186/realtime/design_1_rst_clk_wiz_1_100M_0_stub.v:6]
INFO: [Synth 8-256] done synthesizing module 'design_1_rst_clk_wiz_1_100M_0' (31#1) [C:/Users/SurfacePro4/Documents/GitHub/WG2018_HelloWaveGen/Hello_World3.runs/synth_1/.Xil/Vivado-7064-DESKTOP-VQRV186/realtime/design_1_rst_clk_wiz_1_100M_0_stub.v:6]
WARNING: [Synth 8-350] instance 'rst_clk_wiz_1_100M' of module 'design_1_rst_clk_wiz_1_100M_0' requires 10 connections, but only 9 given [C:/Users/SurfacePro4/Documents/GitHub/WG2018_HelloWaveGen/Hello_World3.srcs/sources_1/bd/design_1/synth/design_1.v:752]
INFO: [Synth 8-638] synthesizing module 'design_1_xlconstant_0_0' [C:/Users/SurfacePro4/Documents/GitHub/WG2018_HelloWaveGen/Hello_World3.runs/synth_1/.Xil/Vivado-7064-DESKTOP-VQRV186/realtime/design_1_xlconstant_0_0_stub.v:6]
INFO: [Synth 8-256] done synthesizing module 'design_1_xlconstant_0_0' (32#1) [C:/Users/SurfacePro4/Documents/GitHub/WG2018_HelloWaveGen/Hello_World3.runs/synth_1/.Xil/Vivado-7064-DESKTOP-VQRV186/realtime/design_1_xlconstant_0_0_stub.v:6]
INFO: [Synth 8-6071] Mark debug on the nets applies keep_hierarchy on instance 'axi_gpio_1'. This will prevent further optimization [C:/Users/SurfacePro4/Documents/GitHub/WG2018_HelloWaveGen/Hello_World3.srcs/sources_1/bd/design_1/synth/design_1.v:259]
INFO: [Synth 8-6071] Mark debug on the nets applies keep_hierarchy on instance 'microblaze_0_axi_periph'. This will prevent further optimization [C:/Users/SurfacePro4/Documents/GitHub/WG2018_HelloWaveGen/Hello_World3.srcs/sources_1/bd/design_1/synth/design_1.v:561]
INFO: [Synth 8-6071] Mark debug on the nets applies keep_hierarchy on instance 'ila_0'. This will prevent further optimization [C:/Users/SurfacePro4/Documents/GitHub/WG2018_HelloWaveGen/Hello_World3.srcs/sources_1/bd/design_1/synth/design_1.v:350]
INFO: [Synth 8-6071] Mark debug on the nets applies keep_hierarchy on instance 'axi_gpio_2'. This will prevent further optimization [C:/Users/SurfacePro4/Documents/GitHub/WG2018_HelloWaveGen/Hello_World3.srcs/sources_1/bd/design_1/synth/design_1.v:280]
INFO: [Synth 8-6071] Mark debug on the nets applies keep_hierarchy on instance 'ila_1'. This will prevent further optimization [C:/Users/SurfacePro4/Documents/GitHub/WG2018_HelloWaveGen/Hello_World3.srcs/sources_1/bd/design_1/synth/design_1.v:371]
INFO: [Synth 8-6071] Mark debug on the nets applies keep_hierarchy on instance 'axi_gpio_3'. This will prevent further optimization [C:/Users/SurfacePro4/Documents/GitHub/WG2018_HelloWaveGen/Hello_World3.srcs/sources_1/bd/design_1/synth/design_1.v:301]
INFO: [Synth 8-6071] Mark debug on the nets applies keep_hierarchy on instance 'ila_2'. This will prevent further optimization [C:/Users/SurfacePro4/Documents/GitHub/WG2018_HelloWaveGen/Hello_World3.srcs/sources_1/bd/design_1/synth/design_1.v:392]
INFO: [Synth 8-6071] Mark debug on the nets applies keep_hierarchy on instance 'axi_gpio_0'. This will prevent further optimization [C:/Users/SurfacePro4/Documents/GitHub/WG2018_HelloWaveGen/Hello_World3.srcs/sources_1/bd/design_1/synth/design_1.v:238]
INFO: [Synth 8-6071] Mark debug on the nets applies keep_hierarchy on instance 'ila_3'. This will prevent further optimization [C:/Users/SurfacePro4/Documents/GitHub/WG2018_HelloWaveGen/Hello_World3.srcs/sources_1/bd/design_1/synth/design_1.v:413]
INFO: [Synth 8-256] done synthesizing module 'design_1' (33#1) [C:/Users/SurfacePro4/Documents/GitHub/WG2018_HelloWaveGen/Hello_World3.srcs/sources_1/bd/design_1/synth/design_1.v:16]
INFO: [Synth 8-256] done synthesizing module 'design_1_wrapper' (34#1) [C:/Users/SurfacePro4/Documents/GitHub/WG2018_HelloWaveGen/Hello_World3.srcs/sources_1/bd/design_1/hdl/design_1_wrapper.v:12]
WARNING: [Synth 8-3331] design s00_couplers_imp_1RZP34U has unconnected port M_ACLK
WARNING: [Synth 8-3331] design s00_couplers_imp_1RZP34U has unconnected port M_ARESETN
WARNING: [Synth 8-3331] design s00_couplers_imp_1RZP34U has unconnected port S_ACLK
WARNING: [Synth 8-3331] design s00_couplers_imp_1RZP34U has unconnected port S_ARESETN
WARNING: [Synth 8-3331] design m06_couplers_imp_4YOIXL has unconnected port M_ACLK
WARNING: [Synth 8-3331] design m06_couplers_imp_4YOIXL has unconnected port M_ARESETN
WARNING: [Synth 8-3331] design m06_couplers_imp_4YOIXL has unconnected port S_ACLK
WARNING: [Synth 8-3331] design m06_couplers_imp_4YOIXL has unconnected port S_ARESETN
WARNING: [Synth 8-3331] design m05_couplers_imp_1XR4ZAZ has unconnected port M_ACLK
WARNING: [Synth 8-3331] design m05_couplers_imp_1XR4ZAZ has unconnected port M_ARESETN
WARNING: [Synth 8-3331] design m05_couplers_imp_1XR4ZAZ has unconnected port S_ACLK
WARNING: [Synth 8-3331] design m05_couplers_imp_1XR4ZAZ has unconnected port S_ARESETN
WARNING: [Synth 8-3331] design m04_couplers_imp_5LX7BU has unconnected port M_ACLK
WARNING: [Synth 8-3331] design m04_couplers_imp_5LX7BU has unconnected port M_ARESETN
WARNING: [Synth 8-3331] design m04_couplers_imp_5LX7BU has unconnected port S_ACLK
WARNING: [Synth 8-3331] design m04_couplers_imp_5LX7BU has unconnected port S_ARESETN
WARNING: [Synth 8-3331] design m03_couplers_imp_1W07O72 has unconnected port M_ACLK
WARNING: [Synth 8-3331] design m03_couplers_imp_1W07O72 has unconnected port M_ARESETN
WARNING: [Synth 8-3331] design m03_couplers_imp_1W07O72 has unconnected port S_ACLK
WARNING: [Synth 8-3331] design m03_couplers_imp_1W07O72 has unconnected port S_ARESETN
WARNING: [Synth 8-3331] design m02_couplers_imp_7ANRHB has unconnected port M_ACLK
WARNING: [Synth 8-3331] design m02_couplers_imp_7ANRHB has unconnected port M_ARESETN
WARNING: [Synth 8-3331] design m02_couplers_imp_7ANRHB has unconnected port S_ACLK
WARNING: [Synth 8-3331] design m02_couplers_imp_7ANRHB has unconnected port S_ARESETN
WARNING: [Synth 8-3331] design m01_couplers_imp_1UTB3Y5 has unconnected port M_ACLK
WARNING: [Synth 8-3331] design m01_couplers_imp_1UTB3Y5 has unconnected port M_ARESETN
WARNING: [Synth 8-3331] design m01_couplers_imp_1UTB3Y5 has unconnected port S_ACLK
WARNING: [Synth 8-3331] design m01_couplers_imp_1UTB3Y5 has unconnected port S_ARESETN
WARNING: [Synth 8-3331] design m00_couplers_imp_8RVYHO has unconnected port M_ACLK
WARNING: [Synth 8-3331] design m00_couplers_imp_8RVYHO has unconnected port M_ARESETN
WARNING: [Synth 8-3331] design m00_couplers_imp_8RVYHO has unconnected port S_ACLK
WARNING: [Synth 8-3331] design m00_couplers_imp_8RVYHO has unconnected port S_ARESETN
---------------------------------------------------------------------------------
Finished RTL Elaboration : Time (s): cpu = 00:00:07 ; elapsed = 00:00:08 . Memory (MB): peak = 490.695 ; gain = 135.895
---------------------------------------------------------------------------------

Report Check Netlist: 
+------+------------------+-------+---------+-------+------------------+
|      |Item              |Errors |Warnings |Status |Description       |
+------+------------------+-------+---------+-------+------------------+
|1     |multi_driven_nets |      0|        0|Passed |Multi driven nets |
+------+------------------+-------+---------+-------+------------------+
---------------------------------------------------------------------------------
Finished RTL Optimization Phase 1 : Time (s): cpu = 00:00:07 ; elapsed = 00:00:08 . Memory (MB): peak = 490.695 ; gain = 135.895
---------------------------------------------------------------------------------
INFO: [Device 21-403] Loading part xc7s50csga324-1
INFO: [Project 1-570] Preparing netlist for logic optimization

Processing XDC Constraints
Initializing timing engine
Parsing XDC File [C:/Users/SurfacePro4/Documents/GitHub/WG2018_HelloWaveGen/Hello_World3.runs/synth_1/.Xil/Vivado-7064-DESKTOP-VQRV186/dcp45/design_1_microblaze_0_0_in_context.xdc] for cell 'design_1_i/microblaze_0'
Finished Parsing XDC File [C:/Users/SurfacePro4/Documents/GitHub/WG2018_HelloWaveGen/Hello_World3.runs/synth_1/.Xil/Vivado-7064-DESKTOP-VQRV186/dcp45/design_1_microblaze_0_0_in_context.xdc] for cell 'design_1_i/microblaze_0'
Parsing XDC File [C:/Users/SurfacePro4/Documents/GitHub/WG2018_HelloWaveGen/Hello_World3.runs/synth_1/.Xil/Vivado-7064-DESKTOP-VQRV186/dcp47/design_1_microblaze_0_axi_intc_0_in_context.xdc] for cell 'design_1_i/microblaze_0_axi_intc'
Finished Parsing XDC File [C:/Users/SurfacePro4/Documents/GitHub/WG2018_HelloWaveGen/Hello_World3.runs/synth_1/.Xil/Vivado-7064-DESKTOP-VQRV186/dcp47/design_1_microblaze_0_axi_intc_0_in_context.xdc] for cell 'design_1_i/microblaze_0_axi_intc'
Parsing XDC File [C:/Users/SurfacePro4/Documents/GitHub/WG2018_HelloWaveGen/Hello_World3.runs/synth_1/.Xil/Vivado-7064-DESKTOP-VQRV186/dcp49/design_1_microblaze_0_xlconcat_0_in_context.xdc] for cell 'design_1_i/microblaze_0_xlconcat'
Finished Parsing XDC File [C:/Users/SurfacePro4/Documents/GitHub/WG2018_HelloWaveGen/Hello_World3.runs/synth_1/.Xil/Vivado-7064-DESKTOP-VQRV186/dcp49/design_1_microblaze_0_xlconcat_0_in_context.xdc] for cell 'design_1_i/microblaze_0_xlconcat'
Parsing XDC File [C:/Users/SurfacePro4/Documents/GitHub/WG2018_HelloWaveGen/Hello_World3.runs/synth_1/.Xil/Vivado-7064-DESKTOP-VQRV186/dcp51/design_1_mdm_1_0_in_context.xdc] for cell 'design_1_i/mdm_1'
Finished Parsing XDC File [C:/Users/SurfacePro4/Documents/GitHub/WG2018_HelloWaveGen/Hello_World3.runs/synth_1/.Xil/Vivado-7064-DESKTOP-VQRV186/dcp51/design_1_mdm_1_0_in_context.xdc] for cell 'design_1_i/mdm_1'
Parsing XDC File [C:/Users/SurfacePro4/Documents/GitHub/WG2018_HelloWaveGen/Hello_World3.runs/synth_1/.Xil/Vivado-7064-DESKTOP-VQRV186/dcp53/design_1_clk_wiz_1_0_in_context.xdc] for cell 'design_1_i/clk_wiz_1'
Finished Parsing XDC File [C:/Users/SurfacePro4/Documents/GitHub/WG2018_HelloWaveGen/Hello_World3.runs/synth_1/.Xil/Vivado-7064-DESKTOP-VQRV186/dcp53/design_1_clk_wiz_1_0_in_context.xdc] for cell 'design_1_i/clk_wiz_1'
Parsing XDC File [C:/Users/SurfacePro4/Documents/GitHub/WG2018_HelloWaveGen/Hello_World3.runs/synth_1/.Xil/Vivado-7064-DESKTOP-VQRV186/dcp55/design_1_rst_clk_wiz_1_100M_0_in_context.xdc] for cell 'design_1_i/rst_clk_wiz_1_100M'
Finished Parsing XDC File [C:/Users/SurfacePro4/Documents/GitHub/WG2018_HelloWaveGen/Hello_World3.runs/synth_1/.Xil/Vivado-7064-DESKTOP-VQRV186/dcp55/design_1_rst_clk_wiz_1_100M_0_in_context.xdc] for cell 'design_1_i/rst_clk_wiz_1_100M'
Parsing XDC File [C:/Users/SurfacePro4/Documents/GitHub/WG2018_HelloWaveGen/Hello_World3.runs/synth_1/.Xil/Vivado-7064-DESKTOP-VQRV186/dcp57/design_1_xlconstant_0_0_in_context.xdc] for cell 'design_1_i/xlconstant_0'
Finished Parsing XDC File [C:/Users/SurfacePro4/Documents/GitHub/WG2018_HelloWaveGen/Hello_World3.runs/synth_1/.Xil/Vivado-7064-DESKTOP-VQRV186/dcp57/design_1_xlconstant_0_0_in_context.xdc] for cell 'design_1_i/xlconstant_0'
Parsing XDC File [C:/Users/SurfacePro4/Documents/GitHub/WG2018_HelloWaveGen/Hello_World3.runs/synth_1/.Xil/Vivado-7064-DESKTOP-VQRV186/dcp59/design_1_axi_uartlite_0_0_in_context.xdc] for cell 'design_1_i/axi_uartlite_0'
Finished Parsing XDC File [C:/Users/SurfacePro4/Documents/GitHub/WG2018_HelloWaveGen/Hello_World3.runs/synth_1/.Xil/Vivado-7064-DESKTOP-VQRV186/dcp59/design_1_axi_uartlite_0_0_in_context.xdc] for cell 'design_1_i/axi_uartlite_0'
Parsing XDC File [C:/Users/SurfacePro4/Documents/GitHub/WG2018_HelloWaveGen/Hello_World3.runs/synth_1/.Xil/Vivado-7064-DESKTOP-VQRV186/dcp61/design_1_axi_gpio_0_1_in_context.xdc] for cell 'design_1_i/axi_gpio_0'
Finished Parsing XDC File [C:/Users/SurfacePro4/Documents/GitHub/WG2018_HelloWaveGen/Hello_World3.runs/synth_1/.Xil/Vivado-7064-DESKTOP-VQRV186/dcp61/design_1_axi_gpio_0_1_in_context.xdc] for cell 'design_1_i/axi_gpio_0'
Parsing XDC File [C:/Users/SurfacePro4/Documents/GitHub/WG2018_HelloWaveGen/Hello_World3.runs/synth_1/.Xil/Vivado-7064-DESKTOP-VQRV186/dcp63/design_1_xbar_0_in_context.xdc] for cell 'design_1_i/microblaze_0_axi_periph/xbar'
Finished Parsing XDC File [C:/Users/SurfacePro4/Documents/GitHub/WG2018_HelloWaveGen/Hello_World3.runs/synth_1/.Xil/Vivado-7064-DESKTOP-VQRV186/dcp63/design_1_xbar_0_in_context.xdc] for cell 'design_1_i/microblaze_0_axi_periph/xbar'
Parsing XDC File [C:/Users/SurfacePro4/Documents/GitHub/WG2018_HelloWaveGen/Hello_World3.runs/synth_1/.Xil/Vivado-7064-DESKTOP-VQRV186/dcp65/design_1_dlmb_v10_0_in_context.xdc] for cell 'design_1_i/microblaze_0_local_memory/dlmb_v10'
Finished Parsing XDC File [C:/Users/SurfacePro4/Documents/GitHub/WG2018_HelloWaveGen/Hello_World3.runs/synth_1/.Xil/Vivado-7064-DESKTOP-VQRV186/dcp65/design_1_dlmb_v10_0_in_context.xdc] for cell 'design_1_i/microblaze_0_local_memory/dlmb_v10'
Parsing XDC File [C:/Users/SurfacePro4/Documents/GitHub/WG2018_HelloWaveGen/Hello_World3.runs/synth_1/.Xil/Vivado-7064-DESKTOP-VQRV186/dcp67/design_1_dlmb_v10_0_in_context.xdc] for cell 'design_1_i/microblaze_0_local_memory/ilmb_v10'
Finished Parsing XDC File [C:/Users/SurfacePro4/Documents/GitHub/WG2018_HelloWaveGen/Hello_World3.runs/synth_1/.Xil/Vivado-7064-DESKTOP-VQRV186/dcp67/design_1_dlmb_v10_0_in_context.xdc] for cell 'design_1_i/microblaze_0_local_memory/ilmb_v10'
Parsing XDC File [C:/Users/SurfacePro4/Documents/GitHub/WG2018_HelloWaveGen/Hello_World3.runs/synth_1/.Xil/Vivado-7064-DESKTOP-VQRV186/dcp69/design_1_dlmb_bram_if_cntlr_0_in_context.xdc] for cell 'design_1_i/microblaze_0_local_memory/dlmb_bram_if_cntlr'
Finished Parsing XDC File [C:/Users/SurfacePro4/Documents/GitHub/WG2018_HelloWaveGen/Hello_World3.runs/synth_1/.Xil/Vivado-7064-DESKTOP-VQRV186/dcp69/design_1_dlmb_bram_if_cntlr_0_in_context.xdc] for cell 'design_1_i/microblaze_0_local_memory/dlmb_bram_if_cntlr'
Parsing XDC File [C:/Users/SurfacePro4/Documents/GitHub/WG2018_HelloWaveGen/Hello_World3.runs/synth_1/.Xil/Vivado-7064-DESKTOP-VQRV186/dcp71/design_1_ilmb_bram_if_cntlr_0_in_context.xdc] for cell 'design_1_i/microblaze_0_local_memory/ilmb_bram_if_cntlr'
Finished Parsing XDC File [C:/Users/SurfacePro4/Documents/GitHub/WG2018_HelloWaveGen/Hello_World3.runs/synth_1/.Xil/Vivado-7064-DESKTOP-VQRV186/dcp71/design_1_ilmb_bram_if_cntlr_0_in_context.xdc] for cell 'design_1_i/microblaze_0_local_memory/ilmb_bram_if_cntlr'
Parsing XDC File [C:/Users/SurfacePro4/Documents/GitHub/WG2018_HelloWaveGen/Hello_World3.runs/synth_1/.Xil/Vivado-7064-DESKTOP-VQRV186/dcp73/design_1_lmb_bram_0_in_context.xdc] for cell 'design_1_i/microblaze_0_local_memory/lmb_bram'
Finished Parsing XDC File [C:/Users/SurfacePro4/Documents/GitHub/WG2018_HelloWaveGen/Hello_World3.runs/synth_1/.Xil/Vivado-7064-DESKTOP-VQRV186/dcp73/design_1_lmb_bram_0_in_context.xdc] for cell 'design_1_i/microblaze_0_local_memory/lmb_bram'
Parsing XDC File [C:/Users/SurfacePro4/Documents/GitHub/WG2018_HelloWaveGen/Hello_World3.runs/synth_1/.Xil/Vivado-7064-DESKTOP-VQRV186/dcp75/design_1_axi_gpio_0_1_in_context.xdc] for cell 'design_1_i/axi_gpio_1'
Finished Parsing XDC File [C:/Users/SurfacePro4/Documents/GitHub/WG2018_HelloWaveGen/Hello_World3.runs/synth_1/.Xil/Vivado-7064-DESKTOP-VQRV186/dcp75/design_1_axi_gpio_0_1_in_context.xdc] for cell 'design_1_i/axi_gpio_1'
Parsing XDC File [C:/Users/SurfacePro4/Documents/GitHub/WG2018_HelloWaveGen/Hello_World3.runs/synth_1/.Xil/Vivado-7064-DESKTOP-VQRV186/dcp77/design_1_axi_gpio_0_1_in_context.xdc] for cell 'design_1_i/axi_gpio_2'
Finished Parsing XDC File [C:/Users/SurfacePro4/Documents/GitHub/WG2018_HelloWaveGen/Hello_World3.runs/synth_1/.Xil/Vivado-7064-DESKTOP-VQRV186/dcp77/design_1_axi_gpio_0_1_in_context.xdc] for cell 'design_1_i/axi_gpio_2'
Parsing XDC File [C:/Users/SurfacePro4/Documents/GitHub/WG2018_HelloWaveGen/Hello_World3.runs/synth_1/.Xil/Vivado-7064-DESKTOP-VQRV186/dcp79/design_1_axi_gpio_3_0_in_context.xdc] for cell 'design_1_i/axi_gpio_3'
Finished Parsing XDC File [C:/Users/SurfacePro4/Documents/GitHub/WG2018_HelloWaveGen/Hello_World3.runs/synth_1/.Xil/Vivado-7064-DESKTOP-VQRV186/dcp79/design_1_axi_gpio_3_0_in_context.xdc] for cell 'design_1_i/axi_gpio_3'
Parsing XDC File [C:/Users/SurfacePro4/Documents/GitHub/WG2018_HelloWaveGen/Hello_World3.runs/synth_1/.Xil/Vivado-7064-DESKTOP-VQRV186/dcp81/design_1_ila_0_1_in_context.xdc] for cell 'design_1_i/ila_0'
Finished Parsing XDC File [C:/Users/SurfacePro4/Documents/GitHub/WG2018_HelloWaveGen/Hello_World3.runs/synth_1/.Xil/Vivado-7064-DESKTOP-VQRV186/dcp81/design_1_ila_0_1_in_context.xdc] for cell 'design_1_i/ila_0'
Parsing XDC File [C:/Users/SurfacePro4/Documents/GitHub/WG2018_HelloWaveGen/Hello_World3.runs/synth_1/.Xil/Vivado-7064-DESKTOP-VQRV186/dcp83/design_1_ila_1_0_in_context.xdc] for cell 'design_1_i/ila_1'
Finished Parsing XDC File [C:/Users/SurfacePro4/Documents/GitHub/WG2018_HelloWaveGen/Hello_World3.runs/synth_1/.Xil/Vivado-7064-DESKTOP-VQRV186/dcp83/design_1_ila_1_0_in_context.xdc] for cell 'design_1_i/ila_1'
Parsing XDC File [C:/Users/SurfacePro4/Documents/GitHub/WG2018_HelloWaveGen/Hello_World3.runs/synth_1/.Xil/Vivado-7064-DESKTOP-VQRV186/dcp85/design_1_ila_1_0_in_context.xdc] for cell 'design_1_i/ila_2'
Finished Parsing XDC File [C:/Users/SurfacePro4/Documents/GitHub/WG2018_HelloWaveGen/Hello_World3.runs/synth_1/.Xil/Vivado-7064-DESKTOP-VQRV186/dcp85/design_1_ila_1_0_in_context.xdc] for cell 'design_1_i/ila_2'
Parsing XDC File [C:/Users/SurfacePro4/Documents/GitHub/WG2018_HelloWaveGen/Hello_World3.runs/synth_1/.Xil/Vivado-7064-DESKTOP-VQRV186/dcp87/design_1_ila_1_0_in_context.xdc] for cell 'design_1_i/ila_3'
Finished Parsing XDC File [C:/Users/SurfacePro4/Documents/GitHub/WG2018_HelloWaveGen/Hello_World3.runs/synth_1/.Xil/Vivado-7064-DESKTOP-VQRV186/dcp87/design_1_ila_1_0_in_context.xdc] for cell 'design_1_i/ila_3'
Parsing XDC File [C:/Users/SurfacePro4/Documents/GitHub/WG2018_HelloWaveGen/Hello_World3.srcs/constrs_1/new/LCD_Pinout.xdc]
INFO: [Constraints 18-483] create_clock: no pin(s)/port(s)/net(s) specified as objects, only virtual clock 'VIRTUAL_clk_out1_design_1_clk_wiz_1_0' will be created. If you don't want this, please specify pin(s)/ports(s)/net(s) as objects to the command. [C:/Users/SurfacePro4/Documents/GitHub/WG2018_HelloWaveGen/Hello_World3.srcs/constrs_1/new/LCD_Pinout.xdc:4]
WARNING: [Vivado 12-507] No nets matched 'DATABUS_OUT_tri_o_OBUF[0]'. [C:/Users/SurfacePro4/Documents/GitHub/WG2018_HelloWaveGen/Hello_World3.srcs/constrs_1/new/LCD_Pinout.xdc:39]
WARNING: [Vivado 12-507] No nets matched 'DATABUS_OUT_tri_o_OBUF[1]'. [C:/Users/SurfacePro4/Documents/GitHub/WG2018_HelloWaveGen/Hello_World3.srcs/constrs_1/new/LCD_Pinout.xdc:40]
WARNING: [Vivado 12-507] No nets matched 'DATABUS_OUT_tri_o_OBUF[2]'. [C:/Users/SurfacePro4/Documents/GitHub/WG2018_HelloWaveGen/Hello_World3.srcs/constrs_1/new/LCD_Pinout.xdc:41]
WARNING: [Vivado 12-507] No nets matched 'DATABUS_OUT_tri_o_OBUF[3]'. [C:/Users/SurfacePro4/Documents/GitHub/WG2018_HelloWaveGen/Hello_World3.srcs/constrs_1/new/LCD_Pinout.xdc:42]
WARNING: [Vivado 12-507] No nets matched 'DATABUS_OUT_tri_o_OBUF[5]'. [C:/Users/SurfacePro4/Documents/GitHub/WG2018_HelloWaveGen/Hello_World3.srcs/constrs_1/new/LCD_Pinout.xdc:43]
WARNING: [Vivado 12-507] No nets matched 'DATABUS_OUT_tri_o_OBUF[4]'. [C:/Users/SurfacePro4/Documents/GitHub/WG2018_HelloWaveGen/Hello_World3.srcs/constrs_1/new/LCD_Pinout.xdc:44]
WARNING: [Vivado 12-507] No nets matched 'DATABUS_OUT_tri_o_OBUF[6]'. [C:/Users/SurfacePro4/Documents/GitHub/WG2018_HelloWaveGen/Hello_World3.srcs/constrs_1/new/LCD_Pinout.xdc:45]
WARNING: [Vivado 12-507] No nets matched 'DATABUS_OUT_tri_o_OBUF[7]'. [C:/Users/SurfacePro4/Documents/GitHub/WG2018_HelloWaveGen/Hello_World3.srcs/constrs_1/new/LCD_Pinout.xdc:46]
WARNING: [Vivado 12-507] No nets matched 'READ_WRITE_tri_o_OBUF[0]'. [C:/Users/SurfacePro4/Documents/GitHub/WG2018_HelloWaveGen/Hello_World3.srcs/constrs_1/new/LCD_Pinout.xdc:47]
WARNING: [Vivado 12-507] No nets matched 'ENABLE_tri_o_OBUF[0]'. [C:/Users/SurfacePro4/Documents/GitHub/WG2018_HelloWaveGen/Hello_World3.srcs/constrs_1/new/LCD_Pinout.xdc:48]
WARNING: [Vivado 12-507] No nets matched 'REGISTER_SELECT_tri_o_OBUF[0]'. [C:/Users/SurfacePro4/Documents/GitHub/WG2018_HelloWaveGen/Hello_World3.srcs/constrs_1/new/LCD_Pinout.xdc:49]
WARNING: [Vivado 12-507] No nets matched 'usb_uart_txd_OBUF'. [C:/Users/SurfacePro4/Documents/GitHub/WG2018_HelloWaveGen/Hello_World3.srcs/constrs_1/new/LCD_Pinout.xdc:50]
WARNING: [Vivado 12-507] No nets matched 'usb_uart_rxd_IBUF'. [C:/Users/SurfacePro4/Documents/GitHub/WG2018_HelloWaveGen/Hello_World3.srcs/constrs_1/new/LCD_Pinout.xdc:51]
WARNING: [Vivado 12-507] No nets matched 'reset_IBUF'. [C:/Users/SurfacePro4/Documents/GitHub/WG2018_HelloWaveGen/Hello_World3.srcs/constrs_1/new/LCD_Pinout.xdc:52]
Finished Parsing XDC File [C:/Users/SurfacePro4/Documents/GitHub/WG2018_HelloWaveGen/Hello_World3.srcs/constrs_1/new/LCD_Pinout.xdc]
WARNING: [Project 1-498] One or more constraints failed evaluation while reading constraint file [C:/Users/SurfacePro4/Documents/GitHub/WG2018_HelloWaveGen/Hello_World3.srcs/constrs_1/new/LCD_Pinout.xdc] and the design contains unresolved black boxes. These constraints will be read post-synthesis (as long as their source constraint file is marked as used_in_implementation) and should be applied correctly then. You should review the constraints listed in the file [.Xil/design_1_wrapper_propImpl.xdc] and check the run log file to verify that these constraints were correctly applied.
INFO: [Project 1-236] Implementation specific constraints were found while reading constraint file [C:/Users/SurfacePro4/Documents/GitHub/WG2018_HelloWaveGen/Hello_World3.srcs/constrs_1/new/LCD_Pinout.xdc]. These constraints will be ignored for synthesis but will be used in implementation. Impacted constraints are listed in the file [.Xil/design_1_wrapper_propImpl.xdc].
Resolution: To avoid this warning, move constraints listed in [.Xil/design_1_wrapper_propImpl.xdc] to another XDC file and exclude this new file from synthesis with the used_in_synthesis property (File Properties dialog in GUI) and re-run elaboration/synthesis.
Parsing XDC File [C:/Users/SurfacePro4/Documents/GitHub/WG2018_HelloWaveGen/Hello_World3.runs/synth_1/dont_touch.xdc]
Finished Parsing XDC File [C:/Users/SurfacePro4/Documents/GitHub/WG2018_HelloWaveGen/Hello_World3.runs/synth_1/dont_touch.xdc]
Completed Processing XDC Constraints

INFO: [Project 1-111] Unisim Transformation Summary:
No Unisim elements were transformed.

Constraint Validation Runtime : Time (s): cpu = 00:00:00 ; elapsed = 00:00:00.012 . Memory (MB): peak = 764.289 ; gain = 0.000
WARNING: [Timing 38-316] Clock period '20.000' specified during out-of-context synthesis of instance 'design_1_i/microblaze_0_local_memory/lmb_bram' at clock pin 'clka' is different from the actual clock period '10.000', this can lead to different synthesis results.
---------------------------------------------------------------------------------
Finished Constraint Validation : Time (s): cpu = 00:00:19 ; elapsed = 00:00:23 . Memory (MB): peak = 764.289 ; gain = 409.488
---------------------------------------------------------------------------------
---------------------------------------------------------------------------------
Start Loading Part and Timing Information
---------------------------------------------------------------------------------
Loading part: xc7s50csga324-1
---------------------------------------------------------------------------------
Finished Loading Part and Timing Information : Time (s): cpu = 00:00:19 ; elapsed = 00:00:23 . Memory (MB): peak = 764.289 ; gain = 409.488
---------------------------------------------------------------------------------
---------------------------------------------------------------------------------
Start Applying 'set_property' XDC Constraints
---------------------------------------------------------------------------------
Applied set_property IO_BUFFER_TYPE = NONE for sys_clock. (constraint file  C:/Users/SurfacePro4/Documents/GitHub/WG2018_HelloWaveGen/Hello_World3.runs/synth_1/.Xil/Vivado-7064-DESKTOP-VQRV186/dcp53/design_1_clk_wiz_1_0_in_context.xdc, line 4).
Applied set_property CLOCK_BUFFER_TYPE = NONE for sys_clock. (constraint file  C:/Users/SurfacePro4/Documents/GitHub/WG2018_HelloWaveGen/Hello_World3.runs/synth_1/.Xil/Vivado-7064-DESKTOP-VQRV186/dcp53/design_1_clk_wiz_1_0_in_context.xdc, line 5).
Applied set_property DONT_TOUCH = true for design_1_i. (constraint file  auto generated constraint, line ).
Applied set_property DONT_TOUCH = true for design_1_i/axi_gpio_0. (constraint file  auto generated constraint, line ).
Applied set_property DONT_TOUCH = true for design_1_i/axi_gpio_1. (constraint file  auto generated constraint, line ).
Applied set_property DONT_TOUCH = true for design_1_i/axi_gpio_2. (constraint file  auto generated constraint, line ).
Applied set_property DONT_TOUCH = true for design_1_i/axi_gpio_3. (constraint file  auto generated constraint, line ).
Applied set_property DONT_TOUCH = true for design_1_i/axi_uartlite_0. (constraint file  auto generated constraint, line ).
Applied set_property DONT_TOUCH = true for design_1_i/clk_wiz_1. (constraint file  auto generated constraint, line ).
Applied set_property DONT_TOUCH = true for design_1_i/ila_0. (constraint file  auto generated constraint, line ).
Applied set_property DONT_TOUCH = true for design_1_i/ila_1. (constraint file  auto generated constraint, line ).
Applied set_property DONT_TOUCH = true for design_1_i/ila_2. (constraint file  auto generated constraint, line ).
Applied set_property DONT_TOUCH = true for design_1_i/ila_3. (constraint file  auto generated constraint, line ).
Applied set_property DONT_TOUCH = true for design_1_i/mdm_1. (constraint file  auto generated constraint, line ).
Applied set_property DONT_TOUCH = true for design_1_i/microblaze_0. (constraint file  auto generated constraint, line ).
Applied set_property DONT_TOUCH = true for design_1_i/microblaze_0_axi_intc. (constraint file  auto generated constraint, line ).
Applied set_property DONT_TOUCH = true for design_1_i/microblaze_0_axi_periph. (constraint file  auto generated constraint, line ).
Applied set_property DONT_TOUCH = true for design_1_i/microblaze_0_axi_periph/xbar. (constraint file  auto generated constraint, line ).
Applied set_property DONT_TOUCH = true for design_1_i/microblaze_0_local_memory/dlmb_bram_if_cntlr. (constraint file  auto generated constraint, line ).
Applied set_property DONT_TOUCH = true for design_1_i/microblaze_0_local_memory/dlmb_v10. (constraint file  auto generated constraint, line ).
Applied set_property DONT_TOUCH = true for design_1_i/microblaze_0_local_memory/ilmb_bram_if_cntlr. (constraint file  auto generated constraint, line ).
Applied set_property DONT_TOUCH = true for design_1_i/microblaze_0_local_memory/ilmb_v10. (constraint file  auto generated constraint, line ).
Applied set_property DONT_TOUCH = true for design_1_i/microblaze_0_local_memory/lmb_bram. (constraint file  auto generated constraint, line ).
Applied set_property DONT_TOUCH = true for design_1_i/microblaze_0_xlconcat. (constraint file  auto generated constraint, line ).
Applied set_property DONT_TOUCH = true for design_1_i/rst_clk_wiz_1_100M. (constraint file  auto generated constraint, line ).
Applied set_property DONT_TOUCH = true for design_1_i/xlconstant_0. (constraint file  auto generated constraint, line ).
---------------------------------------------------------------------------------
Finished applying 'set_property' XDC Constraints : Time (s): cpu = 00:00:19 ; elapsed = 00:00:23 . Memory (MB): peak = 764.289 ; gain = 409.488
---------------------------------------------------------------------------------
---------------------------------------------------------------------------------
Finished RTL Optimization Phase 2 : Time (s): cpu = 00:00:19 ; elapsed = 00:00:23 . Memory (MB): peak = 764.289 ; gain = 409.488
---------------------------------------------------------------------------------

Report RTL Partitions: 
+-+--------------+------------+----------+
| |RTL Partition |Replication |Instances |
+-+--------------+------------+----------+
+-+--------------+------------+----------+
---------------------------------------------------------------------------------
Start RTL Component Statistics 
---------------------------------------------------------------------------------
Detailed RTL Component Info : 
---------------------------------------------------------------------------------
Finished RTL Component Statistics 
---------------------------------------------------------------------------------
---------------------------------------------------------------------------------
Start RTL Hierarchical Component Statistics 
---------------------------------------------------------------------------------
Hierarchical RTL Component report 
---------------------------------------------------------------------------------
Finished RTL Hierarchical Component Statistics
---------------------------------------------------------------------------------
---------------------------------------------------------------------------------
Start Part Resource Summary
---------------------------------------------------------------------------------
Part Resources:
DSPs: 120 (col length:60)
BRAMs: 150 (col length: RAMB18 60 RAMB36 30)
---------------------------------------------------------------------------------
Finished Part Resource Summary
---------------------------------------------------------------------------------
---------------------------------------------------------------------------------
Start Cross Boundary and Area Optimization
---------------------------------------------------------------------------------
WARNING: [Synth 8-3331] design design_1_microblaze_0_axi_periph_0 has unconnected port M00_ACLK
WARNING: [Synth 8-3331] design design_1_microblaze_0_axi_periph_0 has unconnected port M00_ARESETN
WARNING: [Synth 8-3331] design design_1_microblaze_0_axi_periph_0 has unconnected port M01_ACLK
WARNING: [Synth 8-3331] design design_1_microblaze_0_axi_periph_0 has unconnected port M01_ARESETN
WARNING: [Synth 8-3331] design design_1_microblaze_0_axi_periph_0 has unconnected port M02_ACLK
WARNING: [Synth 8-3331] design design_1_microblaze_0_axi_periph_0 has unconnected port M02_ARESETN
WARNING: [Synth 8-3331] design design_1_microblaze_0_axi_periph_0 has unconnected port M03_ACLK
WARNING: [Synth 8-3331] design design_1_microblaze_0_axi_periph_0 has unconnected port M03_ARESETN
WARNING: [Synth 8-3331] design design_1_microblaze_0_axi_periph_0 has unconnected port M04_ACLK
WARNING: [Synth 8-3331] design design_1_microblaze_0_axi_periph_0 has unconnected port M04_ARESETN
WARNING: [Synth 8-3331] design design_1_microblaze_0_axi_periph_0 has unconnected port M05_ACLK
WARNING: [Synth 8-3331] design design_1_microblaze_0_axi_periph_0 has unconnected port M05_ARESETN
WARNING: [Synth 8-3331] design design_1_microblaze_0_axi_periph_0 has unconnected port M06_ACLK
WARNING: [Synth 8-3331] design design_1_microblaze_0_axi_periph_0 has unconnected port M06_ARESETN
WARNING: [Synth 8-3331] design design_1_microblaze_0_axi_periph_0 has unconnected port S00_ACLK
WARNING: [Synth 8-3331] design design_1_microblaze_0_axi_periph_0 has unconnected port S00_ARESETN
---------------------------------------------------------------------------------
Finished Cross Boundary and Area Optimization : Time (s): cpu = 00:00:20 ; elapsed = 00:00:24 . Memory (MB): peak = 764.289 ; gain = 409.488
---------------------------------------------------------------------------------

Report RTL Partitions: 
+-+--------------+------------+----------+
| |RTL Partition |Replication |Instances |
+-+--------------+------------+----------+
+-+--------------+------------+----------+
---------------------------------------------------------------------------------
Start Applying XDC Timing Constraints
---------------------------------------------------------------------------------
INFO: [Synth 8-5578] Moved timing constraint from pin 'design_1_i/mdm_1/Dbg_Clk_0' to pin 'design_1_i/mdm_1/bbstub_Dbg_Clk_0/O'
INFO: [Synth 8-5578] Moved timing constraint from pin 'design_1_i/mdm_1/Dbg_Update_0' to pin 'design_1_i/mdm_1/bbstub_Dbg_Update_0/O'
INFO: [Synth 8-5578] Moved timing constraint from pin 'design_1_i/clk_wiz_1/clk_out1' to pin 'design_1_i/clk_wiz_1/bbstub_clk_out1/O'
INFO: [Synth 8-5578] Moved timing constraint from pin 'design_1_i/clk_wiz_1/clk_out2' to pin 'design_1_i/clk_wiz_1/bbstub_clk_out2/O'
INFO: [Synth 8-5578] Moved timing constraint from pin 'design_1_i/microblaze_0_local_memory/dlmb_bram_if_cntlr/BRAM_Clk_A' to pin 'design_1_i/microblaze_0_local_memory/dlmb_bram_if_cntlr/bbstub_BRAM_Clk_A/O'
INFO: [Synth 8-5578] Moved timing constraint from pin 'design_1_i/microblaze_0_local_memory/ilmb_bram_if_cntlr/BRAM_Clk_A' to pin 'design_1_i/microblaze_0_local_memory/ilmb_bram_if_cntlr/bbstub_BRAM_Clk_A/O'
INFO: [Synth 8-5819] Moved 6 constraints on hierarchical pins to their respective driving/loading pins
---------------------------------------------------------------------------------
Finished Applying XDC Timing Constraints : Time (s): cpu = 00:00:30 ; elapsed = 00:00:35 . Memory (MB): peak = 764.289 ; gain = 409.488
---------------------------------------------------------------------------------
---------------------------------------------------------------------------------
Start Timing Optimization
---------------------------------------------------------------------------------
---------------------------------------------------------------------------------
Finished Timing Optimization : Time (s): cpu = 00:00:30 ; elapsed = 00:00:35 . Memory (MB): peak = 764.289 ; gain = 409.488
---------------------------------------------------------------------------------

Report RTL Partitions: 
+-+--------------+------------+----------+
| |RTL Partition |Replication |Instances |
+-+--------------+------------+----------+
+-+--------------+------------+----------+
---------------------------------------------------------------------------------
Start Technology Mapping
---------------------------------------------------------------------------------
---------------------------------------------------------------------------------
Finished Technology Mapping : Time (s): cpu = 00:00:31 ; elapsed = 00:00:35 . Memory (MB): peak = 764.289 ; gain = 409.488
---------------------------------------------------------------------------------

Report RTL Partitions: 
+-+--------------+------------+----------+
| |RTL Partition |Replication |Instances |
+-+--------------+------------+----------+
+-+--------------+------------+----------+
---------------------------------------------------------------------------------
Start IO Insertion
---------------------------------------------------------------------------------
---------------------------------------------------------------------------------
Start Flattening Before IO Insertion
---------------------------------------------------------------------------------
---------------------------------------------------------------------------------
Finished Flattening Before IO Insertion
---------------------------------------------------------------------------------
---------------------------------------------------------------------------------
Start Final Netlist Cleanup
---------------------------------------------------------------------------------
---------------------------------------------------------------------------------
Finished Final Netlist Cleanup
---------------------------------------------------------------------------------
---------------------------------------------------------------------------------
Finished IO Insertion : Time (s): cpu = 00:00:32 ; elapsed = 00:00:36 . Memory (MB): peak = 764.289 ; gain = 409.488
---------------------------------------------------------------------------------

Report Check Netlist: 
+------+------------------+-------+---------+-------+------------------+
|      |Item              |Errors |Warnings |Status |Description       |
+------+------------------+-------+---------+-------+------------------+
|1     |multi_driven_nets |      0|        0|Passed |Multi driven nets |
+------+------------------+-------+---------+-------+------------------+
---------------------------------------------------------------------------------
Start Renaming Generated Instances
---------------------------------------------------------------------------------
---------------------------------------------------------------------------------
Finished Renaming Generated Instances : Time (s): cpu = 00:00:32 ; elapsed = 00:00:36 . Memory (MB): peak = 764.289 ; gain = 409.488
---------------------------------------------------------------------------------

Report RTL Partitions: 
+-+--------------+------------+----------+
| |RTL Partition |Replication |Instances |
+-+--------------+------------+----------+
+-+--------------+------------+----------+
---------------------------------------------------------------------------------
Start Rebuilding User Hierarchy
---------------------------------------------------------------------------------
---------------------------------------------------------------------------------
Finished Rebuilding User Hierarchy : Time (s): cpu = 00:00:32 ; elapsed = 00:00:36 . Memory (MB): peak = 764.289 ; gain = 409.488
---------------------------------------------------------------------------------
---------------------------------------------------------------------------------
Start Renaming Generated Ports
---------------------------------------------------------------------------------
---------------------------------------------------------------------------------
Finished Renaming Generated Ports : Time (s): cpu = 00:00:32 ; elapsed = 00:00:36 . Memory (MB): peak = 764.289 ; gain = 409.488
---------------------------------------------------------------------------------
---------------------------------------------------------------------------------
Start Handling Custom Attributes
---------------------------------------------------------------------------------
---------------------------------------------------------------------------------
Finished Handling Custom Attributes : Time (s): cpu = 00:00:32 ; elapsed = 00:00:36 . Memory (MB): peak = 764.289 ; gain = 409.488
---------------------------------------------------------------------------------
---------------------------------------------------------------------------------
Start Renaming Generated Nets
---------------------------------------------------------------------------------
---------------------------------------------------------------------------------
Finished Renaming Generated Nets : Time (s): cpu = 00:00:32 ; elapsed = 00:00:36 . Memory (MB): peak = 764.289 ; gain = 409.488
---------------------------------------------------------------------------------
---------------------------------------------------------------------------------
Start Writing Synthesis Report
---------------------------------------------------------------------------------

Report BlackBoxes: 
+------+---------------------------------+----------+
|      |BlackBox name                    |Instances |
+------+---------------------------------+----------+
|1     |design_1_xbar_0                  |         1|
|2     |design_1_axi_gpio_0_1            |         1|
|3     |design_1_axi_gpio_1_0            |         1|
|4     |design_1_axi_gpio_2_0            |         1|
|5     |design_1_axi_gpio_3_0            |         1|
|6     |design_1_axi_uartlite_0_0        |         1|
|7     |design_1_clk_wiz_1_0             |         1|
|8     |design_1_ila_0_1                 |         1|
|9     |design_1_ila_1_0                 |         1|
|10    |design_1_ila_2_0                 |         1|
|11    |design_1_ila_3_0                 |         1|
|12    |design_1_mdm_1_0                 |         1|
|13    |design_1_microblaze_0_0          |         1|
|14    |design_1_microblaze_0_axi_intc_0 |         1|
|15    |design_1_microblaze_0_xlconcat_0 |         1|
|16    |design_1_rst_clk_wiz_1_100M_0    |         1|
|17    |design_1_xlconstant_0_0          |         1|
|18    |design_1_dlmb_bram_if_cntlr_0    |         1|
|19    |design_1_dlmb_v10_0              |         1|
|20    |design_1_ilmb_bram_if_cntlr_0    |         1|
|21    |design_1_ilmb_v10_0              |         1|
|22    |design_1_lmb_bram_0              |         1|
+------+---------------------------------+----------+

Report Cell Usage: 
+------+---------------------------------+------+
|      |Cell                             |Count |
+------+---------------------------------+------+
|1     |design_1_axi_gpio_0_1            |     1|
|2     |design_1_axi_gpio_1_0            |     1|
|3     |design_1_axi_gpio_2_0            |     1|
|4     |design_1_axi_gpio_3_0            |     1|
|5     |design_1_axi_uartlite_0_0        |     1|
|6     |design_1_clk_wiz_1_0             |     1|
|7     |design_1_dlmb_bram_if_cntlr_0    |     1|
|8     |design_1_dlmb_v10_0              |     1|
|9     |design_1_ila_0_1                 |     1|
|10    |design_1_ila_1_0                 |     1|
|11    |design_1_ila_2_0                 |     1|
|12    |design_1_ila_3_0                 |     1|
|13    |design_1_ilmb_bram_if_cntlr_0    |     1|
|14    |design_1_ilmb_v10_0              |     1|
|15    |design_1_lmb_bram_0              |     1|
|16    |design_1_mdm_1_0                 |     1|
|17    |design_1_microblaze_0_0          |     1|
|18    |design_1_microblaze_0_axi_intc_0 |     1|
|19    |design_1_microblaze_0_xlconcat_0 |     1|
|20    |design_1_rst_clk_wiz_1_100M_0    |     1|
|21    |design_1_xbar_0                  |     1|
|22    |design_1_xlconstant_0_0          |     1|
|23    |IBUF                             |     2|
|24    |OBUF                             |    12|
+------+---------------------------------+------+

Report Instance Areas: 
+------+------------------------------+--------------------------------------+------+
|      |Instance                      |Module                                |Cells |
+------+------------------------------+--------------------------------------+------+
|1     |top                           |                                      |  2048|
|2     |  design_1_i                  |design_1                              |  2034|
|3     |    microblaze_0_axi_periph   |design_1_microblaze_0_axi_periph_0    |   818|
|4     |    microblaze_0_local_memory |microblaze_0_local_memory_imp_1K0VQXK |   496|
+------+------------------------------+--------------------------------------+------+
---------------------------------------------------------------------------------
Finished Writing Synthesis Report : Time (s): cpu = 00:00:32 ; elapsed = 00:00:36 . Memory (MB): peak = 764.289 ; gain = 409.488
---------------------------------------------------------------------------------
Synthesis finished with 0 errors, 0 critical warnings and 16 warnings.
Synthesis Optimization Runtime : Time (s): cpu = 00:00:19 ; elapsed = 00:00:28 . Memory (MB): peak = 764.289 ; gain = 135.895
Synthesis Optimization Complete : Time (s): cpu = 00:00:32 ; elapsed = 00:00:36 . Memory (MB): peak = 764.289 ; gain = 409.488
INFO: [Project 1-571] Translating synthesized netlist
INFO: [Netlist 29-17] Analyzing 2 Unisim elements for replacement
INFO: [Netlist 29-28] Unisim Transformation completed in 0 CPU seconds
INFO: [Project 1-570] Preparing netlist for logic optimization
INFO: [Opt 31-138] Pushed 0 inverter(s) to 0 load pin(s).
INFO: [Project 1-111] Unisim Transformation Summary:
No Unisim elements were transformed.

INFO: [Common 17-83] Releasing license: Synthesis
99 Infos, 79 Warnings, 0 Critical Warnings and 0 Errors encountered.
synth_design completed successfully
synth_design: Time (s): cpu = 00:00:34 ; elapsed = 00:00:39 . Memory (MB): peak = 765.172 ; gain = 410.434
INFO: [Common 17-1381] The checkpoint 'C:/Users/SurfacePro4/Documents/GitHub/WG2018_HelloWaveGen/Hello_World3.runs/synth_1/design_1_wrapper.dcp' has been generated.
INFO: [runtcl-4] Executing : report_utilization -file design_1_wrapper_utilization_synth.rpt -pb design_1_wrapper_utilization_synth.pb
report_utilization: Time (s): cpu = 00:00:00 ; elapsed = 00:00:00.030 . Memory (MB): peak = 765.172 ; gain = 0.000
INFO: [Common 17-206] Exiting Vivado at Sun Nov 12 14:29:58 2017...
